<?xml version="1.0" encoding="UTF-8"?>
<!-- Generated by org.testng.reporters.JUnitReportReporter -->
<testsuite hostname="Paramount-151" failures="0" tests="1" name="com.demo.testscripts.Traceprocess" time="89.339" errors="0" timestamp="27 Mar 2024 13:53:24 GMT" skipped="0">
  <testcase classname="com.demo.testscripts.Traceprocess" name="verifytracedashbaord" time="89.339"/>
</testsuite> <!-- com.demo.testscripts.Traceprocess -->
