<?xml version="1.0" encoding="UTF-8"?>
<!-- Generated by org.testng.reporters.JUnitReportReporter -->
<testsuite hostname="Paramount-151" failures="0" tests="1" name="com.demo.testscripts.Traceinfra" time="159.130" errors="0" timestamp="22 Mar 2024 14:05:28 GMT" skipped="0">
  <testcase classname="com.demo.testscripts.Traceinfra" name="verifytraceinfra" time="159.130"/>
</testsuite> <!-- com.demo.testscripts.Traceinfra -->
