<?xml version="1.0" encoding="UTF-8"?>
<!-- Generated by org.testng.reporters.JUnitReportReporter -->
<testsuite hostname="Paramount-151" failures="0" tests="1" name="com.demo.testscripts.Tracemodules" time="86.754" errors="0" timestamp="21 Mar 2024 13:53:42 GMT" skipped="0">
  <testcase classname="com.demo.testscripts.Tracemodules" name="verifysignin" time="86.754"/>
</testsuite> <!-- com.demo.testscripts.Tracemodules -->
