<?xml version="1.0" encoding="UTF-8"?>
<!-- Generated by org.testng.reporters.JUnitReportReporter -->
<testsuite hostname="Paramount-151" failures="0" tests="1" name="com.demo.testscripts.Tracenetasset" time="103.606" errors="0" timestamp="22 Mar 2024 13:26:28 GMT" skipped="0">
  <testcase classname="com.demo.testscripts.Tracenetasset" name="verifytraceassests" time="103.606"/>
</testsuite> <!-- com.demo.testscripts.Tracenetasset -->
