<?xml version="1.0" encoding="UTF-8"?>
<!-- Generated by org.testng.reporters.JUnitReportReporter -->
<testsuite hostname="Paramount-151" failures="0" tests="1" name="com.demo.testscripts.Traceproducts" time="202.745" errors="0" timestamp="26 Mar 2024 16:12:50 GMT" skipped="0">
  <testcase classname="com.demo.testscripts.Traceproducts" name="verifytracedashbaord" time="202.745"/>
</testsuite> <!-- com.demo.testscripts.Traceproducts -->
