<?xml version="1.0" encoding="UTF-8"?>
<!-- Generated by org.testng.reporters.JUnitReportReporter -->
<testsuite hostname="Paramount-151" failures="0" tests="1" name="com.demo.testscripts.Traceproducts" time="204.800" errors="0" timestamp="27 Mar 2024 10:10:54 GMT" skipped="0">
  <testcase classname="com.demo.testscripts.Traceproducts" name="verifytracedashbaord" time="204.800"/>
</testsuite> <!-- com.demo.testscripts.Traceproducts -->
