<?xml version="1.0" encoding="UTF-8"?>
<!-- Generated by org.testng.reporters.JUnitReportReporter -->
<testsuite hostname="Paramount-151" failures="0" tests="1" name="com.demo.testscripts.Tracemodules" time="291.801" errors="0" timestamp="22 Mar 2024 08:22:10 GMT" skipped="0">
  <testcase classname="com.demo.testscripts.Tracemodules" name="verifytracemodule" time="291.801"/>
</testsuite> <!-- com.demo.testscripts.Tracemodules -->
